<?xml version="1.0" encoding="UTF-8"?>
<!-- Generated by org.testng.reporters.JUnitXMLReporter -->
<testsuite hostname="DESKTOP-1VK2U25" name="order" tests="4" failures="0" timestamp="12 May 2020 16:06:49 GMT" time="0.104" errors="0">
  <testcase name="testFindOrder" time="0.011" classname="com.TestNG_MultipleTest.TestOrder"/>
  <testcase name="testMakeEmptyOrder" time="0.006" classname="com.TestNG_MultipleTest.TestOrder"/>
  <testcase name="testMakeOrder" time="0.005" classname="com.TestNG_MultipleTest.TestOrder"/>
  <testcase name="testUpdateOrder" time="0.006" classname="com.TestNG_MultipleTest.TestOrder"/>
</testsuite> <!-- order -->
